{"t":{"$date":"2025-11-04T09:42:40.830+00:00"},"s":"I",  "c":"CONTROL",  "id":23285,   "ctx":"main","msg":"Automatically disabling TLS 1.0, to force-enable TLS 1.0 specify --sslDisabledProtocols 'none'"}
{"t":{"$date":"2025-11-04T09:42:40.833+00:00"},"s":"I",  "c":"CONTROL",  "id":5945603, "ctx":"main","msg":"Multi threading initialized"}
{"t":{"$date":"2025-11-04T09:42:40.839+00:00"},"s":"I",  "c":"NETWORK",  "id":4648601, "ctx":"main","msg":"Implicit TCP FastOpen unavailable. If TCP FastOpen is required, set at least one of the related parameters","attr":{"relatedParameters":["tcpFastOpenServer","tcpFastOpenClient","tcpFastOpenQueueSize"]}}
{"t":{"$date":"2025-11-04T09:42:40.840+00:00"},"s":"I",  "c":"NETWORK",  "id":4915701, "ctx":"main","msg":"Initialized wire specification","attr":{"spec":{"incomingExternalClient":{"minWireVersion":0,"maxWireVersion":25},"incomingInternalClient":{"minWireVersion":0,"maxWireVersion":25},"outgoing":{"minWireVersion":6,"maxWireVersion":25},"isInternalClient":true}}}
{"t":{"$date":"2025-11-04T09:42:40.842+00:00"},"s":"I",  "c":"TENANT_M", "id":7091600, "ctx":"main","msg":"Starting TenantMigrationAccessBlockerRegistry"}
{"t":{"$date":"2025-11-04T09:42:40.843+00:00"},"s":"I",  "c":"CONTROL",  "id":4615611, "ctx":"initandlisten","msg":"MongoDB starting","attr":{"pid":3462,"port":27017,"dbPath":"/var/lib/mongodb","architecture":"64-bit","host":"d63ee5681ef5"}}
{"t":{"$date":"2025-11-04T09:42:40.843+00:00"},"s":"I",  "c":"CONTROL",  "id":23403,   "ctx":"initandlisten","msg":"Build Info","attr":{"buildInfo":{"version":"8.0.15","gitVersion":"f79b970f08f60c41491003cd55a3dd459a279c39","openSSLVersion":"OpenSSL 3.0.17 1 Jul 2025","modules":[],"allocator":"tcmalloc-google","environment":{"distmod":"debian12","distarch":"x86_64","target_arch":"x86_64"}}}}
{"t":{"$date":"2025-11-04T09:42:40.843+00:00"},"s":"I",  "c":"CONTROL",  "id":51765,   "ctx":"initandlisten","msg":"Operating System","attr":{"os":{"name":"PRETTY_NAME=\"Debian GNU/Linux 12 (bookworm)\"","version":"Kernel 6.6.87.2-microsoft-standard-WSL2"}}}
{"t":{"$date":"2025-11-04T09:42:40.843+00:00"},"s":"I",  "c":"CONTROL",  "id":21951,   "ctx":"initandlisten","msg":"Options set by command line","attr":{"options":{"net":{"bindIp":"*","port":27017},"storage":{"dbPath":"/var/lib/mongodb"},"systemLog":{"destination":"file","path":"/var/log/mongodb/mongod.log"}}}}
{"t":{"$date":"2025-11-04T09:42:40.860+00:00"},"s":"I",  "c":"STORAGE",  "id":22315,   "ctx":"initandlisten","msg":"Opening WiredTiger","attr":{"config":"create,cache_size=3417M,session_max=33000,eviction=(threads_min=4,threads_max=4),config_base=false,statistics=(fast),log=(enabled=true,remove=true,path=journal,compressor=snappy),builtin_extension_config=(zstd=(compression_level=6)),file_manager=(close_idle_time=600,close_scan_interval=10,close_handle_minimum=2000),statistics_log=(wait=0),json_output=(error,message),verbose=[recovery_progress:1,checkpoint_progress:1,compact_progress:1,backup:0,checkpoint:0,compact:0,evict:0,history_store:0,recovery:0,rts:0,salvage:0,tiered:0,timestamp:0,transaction:0,verify:0,log:0],prefetch=(available=true,default=false),"}}
{"t":{"$date":"2025-11-04T09:42:44.455+00:00"},"s":"I",  "c":"WTRECOV",  "id":22430,   "ctx":"initandlisten","msg":"WiredTiger message","attr":{"message":{"ts_sec":1762249364,"ts_usec":455586,"thread":"3462:0x7af30579b240","session_name":"txn-recover","category":"WT_VERB_RECOVERY_PROGRESS","log_id":1000000,"category_id":34,"verbose_level":"DEBUG_1","verbose_level_id":1,"msg":"recovery log replay has successfully finished and ran for 2 milliseconds"}}}
{"t":{"$date":"2025-11-04T09:42:44.456+00:00"},"s":"I",  "c":"WTRECOV",  "id":22430,   "ctx":"initandlisten","msg":"WiredTiger message","attr":{"message":{"ts_sec":1762249364,"ts_usec":456098,"thread":"3462:0x7af30579b240","session_name":"txn-recover","category":"WT_VERB_RECOVERY_PROGRESS","log_id":1000000,"category_id":34,"verbose_level":"DEBUG_1","verbose_level_id":1,"msg":"Set global recovery timestamp: (0, 0)"}}}
{"t":{"$date":"2025-11-04T09:42:44.456+00:00"},"s":"I",  "c":"WTRECOV",  "id":22430,   "ctx":"initandlisten","msg":"WiredTiger message","attr":{"message":{"ts_sec":1762249364,"ts_usec":456242,"thread":"3462:0x7af30579b240","session_name":"txn-recover","category":"WT_VERB_RECOVERY_PROGRESS","log_id":1000000,"category_id":34,"verbose_level":"DEBUG_1","verbose_level_id":1,"msg":"Set global oldest timestamp: (0, 0)"}}}
{"t":{"$date":"2025-11-04T09:42:44.457+00:00"},"s":"I",  "c":"WTRECOV",  "id":22430,   "ctx":"initandlisten","msg":"WiredTiger message","attr":{"message":{"ts_sec":1762249364,"ts_usec":457012,"thread":"3462:0x7af30579b240","session_name":"txn-recover","category":"WT_VERB_RECOVERY","log_id":1493201,"category_id":33,"verbose_level":"INFO","verbose_level_id":0,"msg":"recovery was completed successfully and took 3ms, including 2ms for the log replay, 0ms for the rollback to stable, and 0ms for the checkpoint."}}}
{"t":{"$date":"2025-11-04T09:42:44.457+00:00"},"s":"I",  "c":"WTRECOV",  "id":22430,   "ctx":"initandlisten","msg":"WiredTiger message","attr":{"message":{"ts_sec":1762249364,"ts_usec":457183,"thread":"3462:0x7af30579b240","session_name":"txn-recover","category":"WT_VERB_RECOVERY_PROGRESS","log_id":1493201,"category_id":34,"verbose_level":"INFO","verbose_level_id":0,"msg":"recovery was completed successfully and took 3ms, including 2ms for the log replay, 0ms for the rollback to stable, and 0ms for the checkpoint."}}}
{"t":{"$date":"2025-11-04T09:42:44.469+00:00"},"s":"I",  "c":"STORAGE",  "id":4795906, "ctx":"initandlisten","msg":"WiredTiger opened","attr":{"durationMillis":3609}}
{"t":{"$date":"2025-11-04T09:42:44.469+00:00"},"s":"I",  "c":"RECOVERY", "id":23987,   "ctx":"initandlisten","msg":"WiredTiger recoveryTimestamp","attr":{"recoveryTimestamp":{"$timestamp":{"t":0,"i":0}}}}
{"t":{"$date":"2025-11-04T09:42:44.482+00:00"},"s":"I",  "c":"STORAGE",  "id":9529901, "ctx":"initandlisten","msg":"Initializing durable catalog","attr":{"numRecords":0}}
{"t":{"$date":"2025-11-04T09:42:44.482+00:00"},"s":"I",  "c":"STORAGE",  "id":9529902, "ctx":"initandlisten","msg":"Retrieving all idents from storage engine"}
{"t":{"$date":"2025-11-04T09:42:44.484+00:00"},"s":"I",  "c":"STORAGE",  "id":9529903, "ctx":"initandlisten","msg":"Initializing all collections in durable catalog","attr":{"numEntries":0}}
{"t":{"$date":"2025-11-04T09:42:44.492+00:00"},"s":"W",  "c":"CONTROL",  "id":22120,   "ctx":"initandlisten","msg":"Access control is not enabled for the database. Read and write access to data and configuration is unrestricted","tags":["startupWarnings"]}
{"t":{"$date":"2025-11-04T09:42:44.492+00:00"},"s":"W",  "c":"CONTROL",  "id":22138,   "ctx":"initandlisten","msg":"You are running this process as the root user, which is not recommended","tags":["startupWarnings"]}
{"t":{"$date":"2025-11-04T09:42:44.493+00:00"},"s":"W",  "c":"CONTROL",  "id":9068900, "ctx":"initandlisten","msg":"For customers running the current memory allocator, we suggest changing the contents of the following sysfsFile","attr":{"allocator":"tcmalloc-google","sysfsFile":"/sys/kernel/mm/transparent_hugepage/enabled","currentValue":"never","desiredValue":"always"},"tags":["startupWarnings"]}
{"t":{"$date":"2025-11-04T09:42:44.493+00:00"},"s":"W",  "c":"CONTROL",  "id":9068900, "ctx":"initandlisten","msg":"For customers running the current memory allocator, we suggest changing the contents of the following sysfsFile","attr":{"allocator":"tcmalloc-google","sysfsFile":"/sys/kernel/mm/transparent_hugepage/defrag","currentValue":"madvise","desiredValue":"defer+madvise"},"tags":["startupWarnings"]}
{"t":{"$date":"2025-11-04T09:42:44.493+00:00"},"s":"W",  "c":"CONTROL",  "id":8640302, "ctx":"initandlisten","msg":"We suggest setting the contents of sysfsFile to 0.","attr":{"sysfsFile":"/sys/kernel/mm/transparent_hugepage/khugepaged/max_ptes_none","currentValue":511},"tags":["startupWarnings"]}
{"t":{"$date":"2025-11-04T09:42:44.493+00:00"},"s":"W",  "c":"CONTROL",  "id":8718500, "ctx":"initandlisten","msg":"Your system has glibc support for rseq built in, which is not yet supported by tcmalloc-google and has critical performance implications. Please set the environment variable GLIBC_TUNABLES=glibc.pthread.rseq=0","tags":["startupWarnings"]}
{"t":{"$date":"2025-11-04T09:42:44.494+00:00"},"s":"W",  "c":"NETWORK",  "id":5123300, "ctx":"initandlisten","msg":"vm.max_map_count is too low","attr":{"currentValue":262144,"recommendedMinimum":1677720,"maxConns":838860},"tags":["startupWarnings"]}
{"t":{"$date":"2025-11-04T09:42:44.494+00:00"},"s":"W",  "c":"CONTROL",  "id":8386700, "ctx":"initandlisten","msg":"We suggest setting swappiness to 0 or 1, as swapping can cause performance problems.","attr":{"sysfsFile":"/proc/sys/vm/swappiness","currentValue":60},"tags":["startupWarnings"]}
{"t":{"$date":"2025-11-04T09:42:44.494+00:00"},"s":"I",  "c":"STORAGE",  "id":20320,   "ctx":"initandlisten","msg":"createCollection","attr":{"namespace":"admin.system.version","uuidDisposition":"provided","uuid":{"uuid":{"$uuid":"003ad85e-1395-4ae5-bba6-c9b00d84dcd5"}},"options":{"uuid":{"$uuid":"003ad85e-1395-4ae5-bba6-c9b00d84dcd5"}}}}
{"t":{"$date":"2025-11-04T09:42:44.508+00:00"},"s":"I",  "c":"INDEX",    "id":20345,   "ctx":"initandlisten","msg":"Index build: done building","attr":{"buildUUID":null,"collectionUUID":{"uuid":{"$uuid":"003ad85e-1395-4ae5-bba6-c9b00d84dcd5"}},"namespace":"admin.system.version","index":"_id_","ident":"index-1-17747843898605311694","collectionIdent":"collection-0-17747843898605311694","commitTimestamp":null}}
{"t":{"$date":"2025-11-04T09:42:44.508+00:00"},"s":"I",  "c":"REPL",     "id":20459,   "ctx":"initandlisten","msg":"Setting featureCompatibilityVersion","attr":{"newVersion":"8.0"}}
{"t":{"$date":"2025-11-04T09:42:44.508+00:00"},"s":"I",  "c":"REPL",     "id":5853300, "ctx":"initandlisten","msg":"current featureCompatibilityVersion value","attr":{"featureCompatibilityVersion":"8.0","context":"setFCV"}}
{"t":{"$date":"2025-11-04T09:42:44.508+00:00"},"s":"I",  "c":"NETWORK",  "id":4915702, "ctx":"initandlisten","msg":"Updated wire specification","attr":{"oldSpec":{"incomingExternalClient":{"minWireVersion":0,"maxWireVersion":25},"incomingInternalClient":{"minWireVersion":0,"maxWireVersion":25},"outgoing":{"minWireVersion":6,"maxWireVersion":25},"isInternalClient":true},"newSpec":{"incomingExternalClient":{"minWireVersion":0,"maxWireVersion":25},"incomingInternalClient":{"minWireVersion":25,"maxWireVersion":25},"outgoing":{"minWireVersion":25,"maxWireVersion":25},"isInternalClient":true}}}
{"t":{"$date":"2025-11-04T09:42:44.509+00:00"},"s":"I",  "c":"NETWORK",  "id":4915702, "ctx":"initandlisten","msg":"Updated wire specification","attr":{"oldSpec":{"incomingExternalClient":{"minWireVersion":0,"maxWireVersion":25},"incomingInternalClient":{"minWireVersion":25,"maxWireVersion":25},"outgoing":{"minWireVersion":25,"maxWireVersion":25},"isInternalClient":true},"newSpec":{"incomingExternalClient":{"minWireVersion":0,"maxWireVersion":25},"incomingInternalClient":{"minWireVersion":25,"maxWireVersion":25},"outgoing":{"minWireVersion":25,"maxWireVersion":25},"isInternalClient":true}}}
{"t":{"$date":"2025-11-04T09:42:44.509+00:00"},"s":"I",  "c":"REPL",     "id":5853300, "ctx":"initandlisten","msg":"current featureCompatibilityVersion value","attr":{"featureCompatibilityVersion":"8.0","context":"startup"}}
{"t":{"$date":"2025-11-04T09:42:44.511+00:00"},"s":"I",  "c":"STORAGE",  "id":5071100, "ctx":"initandlisten","msg":"Clearing temp directory"}
{"t":{"$date":"2025-11-04T09:42:44.511+00:00"},"s":"I",  "c":"CONTROL",  "id":6608200, "ctx":"initandlisten","msg":"Initializing cluster server parameters from disk"}
{"t":{"$date":"2025-11-04T09:42:44.512+00:00"},"s":"I",  "c":"CONTROL",  "id":20536,   "ctx":"initandlisten","msg":"Flow Control is enabled on this deployment"}
{"t":{"$date":"2025-11-04T09:42:44.516+00:00"},"s":"I",  "c":"FTDC",     "id":20625,   "ctx":"initandlisten","msg":"Initializing full-time diagnostic data capture","attr":{"dataDirectory":"/var/lib/mongodb/diagnostic.data"}}
{"t":{"$date":"2025-11-04T09:42:44.520+00:00"},"s":"I",  "c":"STORAGE",  "id":20320,   "ctx":"initandlisten","msg":"createCollection","attr":{"namespace":"local.startup_log","uuidDisposition":"generated","uuid":{"uuid":{"$uuid":"4d175bce-c72f-4ed2-9ced-cfc233b46a49"}},"options":{"capped":true,"size":10485760}}}
{"t":{"$date":"2025-11-04T09:42:44.533+00:00"},"s":"I",  "c":"INDEX",    "id":20345,   "ctx":"initandlisten","msg":"Index build: done building","attr":{"buildUUID":null,"collectionUUID":{"uuid":{"$uuid":"4d175bce-c72f-4ed2-9ced-cfc233b46a49"}},"namespace":"local.startup_log","index":"_id_","ident":"index-3-17747843898605311694","collectionIdent":"collection-2-17747843898605311694","commitTimestamp":null}}
{"t":{"$date":"2025-11-04T09:42:44.533+00:00"},"s":"I",  "c":"REPL",     "id":6015317, "ctx":"initandlisten","msg":"Setting new configuration state","attr":{"newState":"ConfigReplicationDisabled","oldState":"ConfigPreStart"}}
{"t":{"$date":"2025-11-04T09:42:44.533+00:00"},"s":"I",  "c":"STORAGE",  "id":22262,   "ctx":"initandlisten","msg":"Timestamp monitor starting"}
{"t":{"$date":"2025-11-04T09:42:44.534+00:00"},"s":"I",  "c":"STORAGE",  "id":7333401, "ctx":"initandlisten","msg":"Starting the DiskSpaceMonitor"}
{"t":{"$date":"2025-11-04T09:42:44.535+00:00"},"s":"I",  "c":"NETWORK",  "id":23015,   "ctx":"listener","msg":"Listening on","attr":{"address":"/tmp/mongodb-27017.sock"}}
{"t":{"$date":"2025-11-04T09:42:44.536+00:00"},"s":"I",  "c":"NETWORK",  "id":23015,   "ctx":"listener","msg":"Listening on","attr":{"address":"0.0.0.0:27017"}}
{"t":{"$date":"2025-11-04T09:42:44.536+00:00"},"s":"I",  "c":"NETWORK",  "id":23016,   "ctx":"listener","msg":"Waiting for connections","attr":{"port":27017,"ssl":"off"}}
{"t":{"$date":"2025-11-04T09:42:44.536+00:00"},"s":"I",  "c":"CONTROL",  "id":8423403, "ctx":"initandlisten","msg":"mongod startup complete","attr":{"Summary of time elapsed":{"Startup from clean shutdown?":true,"Statistics":{"Set up periodic runner":"0 ms","Set up online certificate status protocol manager":"0 ms","Transport layer setup":"10 ms","Run initial syncer crash recovery":"0 ms","Create storage engine lock file in the data directory":"0 ms","Get metadata describing storage engine":"0 ms","Create storage engine":"3628 ms","Write current PID to file":"0 ms","Write a new metadata for storage engine":"8 ms","Initialize FCV before rebuilding indexes":"1 ms","Drop abandoned idents and get back indexes that need to be rebuilt or builds that need to be restarted":"0 ms","Rebuild indexes for collections":"0 ms","Load cluster parameters from disk for a standalone":"1 ms","Build user and roles graph":"0 ms","Set up the background thread pool responsible for waiting for opTimes to be majority committed":"0 ms","Start up the replication coordinator":"0 ms","Ensure the change stream collections on startup contain consistent data":"0 ms","Write startup options to the audit log":"0 ms","Start transport layer":"1 ms","_initAndListen total elapsed time":"3693 ms"}}}}
{"t":{"$date":"2025-11-04T09:42:44.540+00:00"},"s":"I",  "c":"CONTROL",  "id":20712,   "ctx":"LogicalSessionCacheReap","msg":"Sessions collection is not set up; waiting until next sessions reap interval","attr":{"error":"NamespaceNotFound: config.system.sessions does not exist"}}
{"t":{"$date":"2025-11-04T09:42:44.540+00:00"},"s":"I",  "c":"STORAGE",  "id":20320,   "ctx":"LogicalSessionCacheRefresh","msg":"createCollection","attr":{"namespace":"config.system.sessions","uuidDisposition":"generated","uuid":{"uuid":{"$uuid":"8ce3e8b1-d783-4a9f-93d3-9471196e7b74"}},"options":{}}}
{"t":{"$date":"2025-11-04T09:42:44.558+00:00"},"s":"I",  "c":"INDEX",    "id":20345,   "ctx":"LogicalSessionCacheRefresh","msg":"Index build: done building","attr":{"buildUUID":null,"collectionUUID":{"uuid":{"$uuid":"8ce3e8b1-d783-4a9f-93d3-9471196e7b74"}},"namespace":"config.system.sessions","index":"_id_","ident":"index-5-17747843898605311694","collectionIdent":"collection-4-17747843898605311694","commitTimestamp":null}}
{"t":{"$date":"2025-11-04T09:42:44.558+00:00"},"s":"I",  "c":"INDEX",    "id":20345,   "ctx":"LogicalSessionCacheRefresh","msg":"Index build: done building","attr":{"buildUUID":null,"collectionUUID":{"uuid":{"$uuid":"8ce3e8b1-d783-4a9f-93d3-9471196e7b74"}},"namespace":"config.system.sessions","index":"lsidTTLIndex","ident":"index-6-17747843898605311694","collectionIdent":"collection-4-17747843898605311694","commitTimestamp":null}}
{"t":{"$date":"2025-11-04T09:42:45.018+00:00"},"s":"W",  "c":"CONTROL",  "id":636300,  "ctx":"ftdc","msg":"Use of deprecated server parameter name","attr":{"deprecatedName":"internalQueryCacheSize","canonicalName":"internalQueryCacheMaxEntriesPerCollection"}}
{"t":{"$date":"2025-11-04T09:42:45.018+00:00"},"s":"W",  "c":"CONTROL",  "id":636300,  "ctx":"ftdc","msg":"Use of deprecated server parameter name","attr":{"deprecatedName":"oplogSamplingLogIntervalSeconds","canonicalName":"collectionSamplingLogIntervalSeconds"}}
{"t":{"$date":"2025-11-04T09:42:45.019+00:00"},"s":"W",  "c":"NETWORK",  "id":23803,   "ctx":"ftdc","msg":"Use of deprecated server parameter 'sslMode', please use 'tlsMode' instead."}
{"t":{"$date":"2025-11-04T09:42:45.019+00:00"},"s":"W",  "c":"CONTROL",  "id":636300,  "ctx":"ftdc","msg":"Use of deprecated server parameter name","attr":{"deprecatedName":"wiredTigerConcurrentReadTransactions","canonicalName":"storageEngineConcurrentReadTransactions"}}
{"t":{"$date":"2025-11-04T09:42:45.019+00:00"},"s":"W",  "c":"CONTROL",  "id":636300,  "ctx":"ftdc","msg":"Use of deprecated server parameter name","attr":{"deprecatedName":"wiredTigerConcurrentWriteTransactions","canonicalName":"storageEngineConcurrentWriteTransactions"}}
{"t":{"$date":"2025-11-04T09:43:09.425+00:00"},"s":"I",  "c":"NETWORK",  "id":22943,   "ctx":"listener","msg":"Connection accepted","attr":{"remote":"127.0.0.1:37482","isLoadBalanced":false,"uuid":{"uuid":{"$uuid":"4485f8b9-9f6e-4955-82d7-206aa53eb59c"}},"connectionId":1,"connectionCount":1}}
{"t":{"$date":"2025-11-04T09:43:09.425+00:00"},"s":"I",  "c":"NETWORK",  "id":51800,   "ctx":"conn1","msg":"client metadata","attr":{"remote":"127.0.0.1:37482","client":"conn1","negotiatedCompressors":[],"doc":{"driver":{"name":"mongoc / ext-mongodb:PHP ","version":"1.30.5 / 2.1.1 "},"os":{"type":"Linux","name":"Debian GNU/Linux","version":"12","architecture":"x86_64"},"platform":"PHP 8.3.24 cfg=0x07515ea8e9 posix=200809 stdc=201710 CC=GCC 12.2.0 CFLAGS=\"\" LDFLAGS=\"\""}}}
{"t":{"$date":"2025-11-04T09:43:09.425+00:00"},"s":"I",  "c":"ACCESS",   "id":10483900,"ctx":"conn1","msg":"Connection not authenticating","attr":{"client":"127.0.0.1:37482","doc":{"driver":{"name":"mongoc / ext-mongodb:PHP ","version":"1.30.5 / 2.1.1 "},"os":{"type":"Linux","name":"Debian GNU/Linux","version":"12","architecture":"x86_64"},"platform":"PHP 8.3.24 cfg=0x07515ea8e9 posix=200809 stdc=201710 CC=GCC 12.2.0 CFLAGS=\"\" LDFLAGS=\"\""}}}
{"t":{"$date":"2025-11-04T09:43:09.429+00:00"},"s":"I",  "c":"NETWORK",  "id":6788700, "ctx":"conn1","msg":"Received first command on ingress connection since session start or auth handshake","attr":{"elapsedMillis":3}}
{"t":{"$date":"2025-11-04T09:43:44.496+00:00"},"s":"I",  "c":"WTCHKPT",  "id":22430,   "ctx":"Checkpointer","msg":"WiredTiger message","attr":{"message":{"ts_sec":1762249424,"ts_usec":496575,"thread":"3462:0x7af2f6f5c6c0","session_name":"WT_SESSION.checkpoint","category":"WT_VERB_CHECKPOINT_PROGRESS","log_id":1000000,"category_id":7,"verbose_level":"DEBUG_1","verbose_level_id":1,"msg":"saving checkpoint snapshot min: 34, snapshot max: 34 snapshot count: 0, oldest timestamp: (0, 0) , meta checkpoint timestamp: (0, 0) base write gen: 1"}}}
{"t":{"$date":"2025-11-04T09:44:39.589+00:00"},"s":"I",  "c":"CONTROL",  "id":23377,   "ctx":"SignalHandler","msg":"Received signal","attr":{"signal":2,"error":"Interrupt"}}
{"t":{"$date":"2025-11-04T09:44:39.589+00:00"},"s":"I",  "c":"CONTROL",  "id":23380,   "ctx":"SignalHandler","msg":"Signal was sent by the kernel"}
{"t":{"$date":"2025-11-04T09:44:39.590+00:00"},"s":"I",  "c":"CONTROL",  "id":23381,   "ctx":"SignalHandler","msg":"will terminate after current cmd ends"}
{"t":{"$date":"2025-11-04T09:44:39.590+00:00"},"s":"I",  "c":"REPL",     "id":4784900, "ctx":"SignalHandler","msg":"Stepping down the ReplicationCoordinator for shutdown","attr":{"waitTimeMillis":15000}}
{"t":{"$date":"2025-11-04T09:44:39.597+00:00"},"s":"I",  "c":"REPL",     "id":4794602, "ctx":"SignalHandler","msg":"Attempting to enter quiesce mode"}
{"t":{"$date":"2025-11-04T09:44:39.597+00:00"},"s":"I",  "c":"STORAGE",  "id":7333402, "ctx":"SignalHandler","msg":"Shutting down the DiskSpaceMonitor"}
{"t":{"$date":"2025-11-04T09:44:39.597+00:00"},"s":"I",  "c":"-",        "id":6371601, "ctx":"SignalHandler","msg":"Shutting down the FLE Crud thread pool"}
{"t":{"$date":"2025-11-04T09:44:39.597+00:00"},"s":"I",  "c":"COMMAND",  "id":4784901, "ctx":"SignalHandler","msg":"Shutting down the MirrorMaestro"}
{"t":{"$date":"2025-11-04T09:44:39.598+00:00"},"s":"I",  "c":"SHARDING", "id":4784902, "ctx":"SignalHandler","msg":"Shutting down the WaitForMajorityService"}
{"t":{"$date":"2025-11-04T09:44:39.599+00:00"},"s":"I",  "c":"CONTROL",  "id":4784903, "ctx":"SignalHandler","msg":"Shutting down the LogicalSessionCache"}
{"t":{"$date":"2025-11-04T09:44:39.600+00:00"},"s":"I",  "c":"NETWORK",  "id":8314100, "ctx":"SignalHandler","msg":"Shutdown: Closing listener sockets"}
{"t":{"$date":"2025-11-04T09:44:39.600+00:00"},"s":"I",  "c":"NETWORK",  "id":23017,   "ctx":"listener","msg":"removing socket file","attr":{"path":"/tmp/mongodb-27017.sock"}}
{"t":{"$date":"2025-11-04T09:44:39.600+00:00"},"s":"I",  "c":"NETWORK",  "id":4784905, "ctx":"SignalHandler","msg":"Shutting down the global connection pool"}
{"t":{"$date":"2025-11-04T09:44:39.601+00:00"},"s":"I",  "c":"CONTROL",  "id":4784906, "ctx":"SignalHandler","msg":"Shutting down the FlowControlTicketholder"}
{"t":{"$date":"2025-11-04T09:44:39.601+00:00"},"s":"I",  "c":"-",        "id":20520,   "ctx":"SignalHandler","msg":"Stopping further Flow Control ticket acquisitions."}
{"t":{"$date":"2025-11-04T09:44:39.602+00:00"},"s":"I",  "c":"CONTROL",  "id":4784908, "ctx":"SignalHandler","msg":"Shutting down the PeriodicThreadToAbortExpiredTransactions"}
{"t":{"$date":"2025-11-04T09:44:39.602+00:00"},"s":"I",  "c":"REPL",     "id":4784909, "ctx":"SignalHandler","msg":"Shutting down the ReplicationCoordinator"}
{"t":{"$date":"2025-11-04T09:44:39.602+00:00"},"s":"I",  "c":"SHARDING", "id":4784910, "ctx":"SignalHandler","msg":"Shutting down the ShardingInitializationMongoD"}
{"t":{"$date":"2025-11-04T09:44:39.602+00:00"},"s":"I",  "c":"REPL",     "id":4784911, "ctx":"SignalHandler","msg":"Enqueuing the ReplicationStateTransitionLock for shutdown"}
{"t":{"$date":"2025-11-04T09:44:39.602+00:00"},"s":"I",  "c":"-",        "id":4784912, "ctx":"SignalHandler","msg":"Killing all operations for shutdown"}
{"t":{"$date":"2025-11-04T09:44:39.603+00:00"},"s":"I",  "c":"-",        "id":4695300, "ctx":"SignalHandler","msg":"Interrupted all currently running operations","attr":{"opsKilled":3}}
{"t":{"$date":"2025-11-04T09:44:39.603+00:00"},"s":"I",  "c":"TENANT_M", "id":5093807, "ctx":"SignalHandler","msg":"Shutting down all TenantMigrationAccessBlockers on global shutdown"}
{"t":{"$date":"2025-11-04T09:44:39.604+00:00"},"s":"I",  "c":"ASIO",     "id":22582,   "ctx":"TenantMigrationBlockerNet","msg":"Killing all outstanding egress activity."}
{"t":{"$date":"2025-11-04T09:44:39.604+00:00"},"s":"I",  "c":"ASIO",     "id":6529201, "ctx":"SignalHandler","msg":"Network interface redundant shutdown","attr":{"state":"Stopped"}}
{"t":{"$date":"2025-11-04T09:44:39.604+00:00"},"s":"I",  "c":"ASIO",     "id":22582,   "ctx":"SignalHandler","msg":"Killing all outstanding egress activity."}
{"t":{"$date":"2025-11-04T09:44:39.605+00:00"},"s":"I",  "c":"COMMAND",  "id":4784913, "ctx":"SignalHandler","msg":"Shutting down all open transactions"}
{"t":{"$date":"2025-11-04T09:44:39.605+00:00"},"s":"I",  "c":"REPL",     "id":4784914, "ctx":"SignalHandler","msg":"Acquiring the ReplicationStateTransitionLock for shutdown"}
{"t":{"$date":"2025-11-04T09:44:39.605+00:00"},"s":"I",  "c":"INDEX",    "id":4784915, "ctx":"SignalHandler","msg":"Shutting down the IndexBuildsCoordinator"}
{"t":{"$date":"2025-11-04T09:44:39.605+00:00"},"s":"I",  "c":"NETWORK",  "id":4784918, "ctx":"SignalHandler","msg":"Shutting down the ReplicaSetMonitor"}
{"t":{"$date":"2025-11-04T09:44:39.605+00:00"},"s":"I",  "c":"SHARDING", "id":4784921, "ctx":"SignalHandler","msg":"Shutting down the MigrationUtilExecutor"}
{"t":{"$date":"2025-11-04T09:44:39.606+00:00"},"s":"I",  "c":"ASIO",     "id":22582,   "ctx":"MigrationUtil-TaskExecutor","msg":"Killing all outstanding egress activity."}
{"t":{"$date":"2025-11-04T09:44:39.606+00:00"},"s":"I",  "c":"NETWORK",  "id":20562,   "ctx":"SignalHandler","msg":"Shutdown: Closing open transport sessions"}
{"t":{"$date":"2025-11-04T09:44:39.606+00:00"},"s":"I",  "c":"NETWORK",  "id":4784923, "ctx":"SignalHandler","msg":"Shutting down the ASIO transport SessionManager"}
{"t":{"$date":"2025-11-04T09:44:39.606+00:00"},"s":"I",  "c":"CONTROL",  "id":4784927, "ctx":"SignalHandler","msg":"Shutting down the HealthLog"}
{"t":{"$date":"2025-11-04T09:44:39.606+00:00"},"s":"I",  "c":"CONTROL",  "id":4784928, "ctx":"SignalHandler","msg":"Shutting down the TTL monitor"}
{"t":{"$date":"2025-11-04T09:44:39.606+00:00"},"s":"I",  "c":"INDEX",    "id":3684100, "ctx":"SignalHandler","msg":"Shutting down TTL collection monitor thread"}
{"t":{"$date":"2025-11-04T09:44:39.607+00:00"},"s":"I",  "c":"INDEX",    "id":3684101, "ctx":"SignalHandler","msg":"Finished shutting down TTL collection monitor thread"}
{"t":{"$date":"2025-11-04T09:44:39.607+00:00"},"s":"I",  "c":"CONTROL",  "id":6278511, "ctx":"SignalHandler","msg":"Shutting down the Change Stream Expired Pre-images Remover"}
{"t":{"$date":"2025-11-04T09:44:39.607+00:00"},"s":"I",  "c":"CONTROL",  "id":4784929, "ctx":"SignalHandler","msg":"Acquiring the global lock for shutdown"}
{"t":{"$date":"2025-11-04T09:44:39.607+00:00"},"s":"I",  "c":"CONTROL",  "id":4784930, "ctx":"SignalHandler","msg":"Shutting down the storage engine"}
{"t":{"$date":"2025-11-04T09:44:39.607+00:00"},"s":"I",  "c":"STORAGE",  "id":22320,   "ctx":"SignalHandler","msg":"Shutting down journal flusher thread"}
{"t":{"$date":"2025-11-04T09:44:39.608+00:00"},"s":"I",  "c":"STORAGE",  "id":22321,   "ctx":"SignalHandler","msg":"Finished shutting down journal flusher thread"}
{"t":{"$date":"2025-11-04T09:44:39.608+00:00"},"s":"I",  "c":"STORAGE",  "id":22322,   "ctx":"SignalHandler","msg":"Shutting down checkpoint thread"}
{"t":{"$date":"2025-11-04T09:44:39.608+00:00"},"s":"I",  "c":"STORAGE",  "id":22323,   "ctx":"SignalHandler","msg":"Finished shutting down checkpoint thread"}
{"t":{"$date":"2025-11-04T09:44:39.609+00:00"},"s":"I",  "c":"STORAGE",  "id":22261,   "ctx":"SignalHandler","msg":"Timestamp monitor shutting down"}
{"t":{"$date":"2025-11-04T09:44:39.609+00:00"},"s":"I",  "c":"STORAGE",  "id":20282,   "ctx":"SignalHandler","msg":"Deregistering all the collections"}
{"t":{"$date":"2025-11-04T09:44:39.609+00:00"},"s":"I",  "c":"STORAGE",  "id":22317,   "ctx":"SignalHandler","msg":"WiredTigerKVEngine shutting down"}
{"t":{"$date":"2025-11-04T09:44:39.610+00:00"},"s":"I",  "c":"STORAGE",  "id":22318,   "ctx":"SignalHandler","msg":"Shutting down session sweeper thread"}
{"t":{"$date":"2025-11-04T09:44:39.610+00:00"},"s":"I",  "c":"STORAGE",  "id":22319,   "ctx":"SignalHandler","msg":"Finished shutting down session sweeper thread"}
{"t":{"$date":"2025-11-04T09:44:39.610+00:00"},"s":"I",  "c":"STORAGE",  "id":4795902, "ctx":"SignalHandler","msg":"Closing WiredTiger","attr":{"closeConfig":"leak_memory=true,use_timestamp=false,"}}
{"t":{"$date":"2025-11-04T09:44:39.611+00:00"},"s":"I",  "c":"WTCHKPT",  "id":22430,   "ctx":"SignalHandler","msg":"WiredTiger message","attr":{"message":{"ts_sec":1762249479,"ts_usec":611709,"thread":"3462:0x7af3057796c0","session_name":"close_ckpt","category":"WT_VERB_CHECKPOINT_PROGRESS","log_id":1000000,"category_id":7,"verbose_level":"DEBUG_1","verbose_level_id":1,"msg":"saving checkpoint snapshot min: 35, snapshot max: 35 snapshot count: 0, oldest timestamp: (0, 0) , meta checkpoint timestamp: (0, 0) base write gen: 1"}}}
{"t":{"$date":"2025-11-04T09:44:39.621+00:00"},"s":"I",  "c":"WTRECOV",  "id":22430,   "ctx":"SignalHandler","msg":"WiredTiger message","attr":{"message":{"ts_sec":1762249479,"ts_usec":620975,"thread":"3462:0x7af3057796c0","session_name":"WT_CONNECTION.close","category":"WT_VERB_RECOVERY_PROGRESS","log_id":1000000,"category_id":34,"verbose_level":"DEBUG_1","verbose_level_id":1,"msg":"shutdown checkpoint has successfully finished and ran for 9 milliseconds"}}}
{"t":{"$date":"2025-11-04T09:44:39.621+00:00"},"s":"I",  "c":"WTRECOV",  "id":22430,   "ctx":"SignalHandler","msg":"WiredTiger message","attr":{"message":{"ts_sec":1762249479,"ts_usec":621262,"thread":"3462:0x7af3057796c0","session_name":"WT_CONNECTION.close","category":"WT_VERB_RECOVERY_PROGRESS","log_id":1493200,"category_id":34,"verbose_level":"INFO","verbose_level_id":0,"msg":"shutdown was completed successfully and took 10ms, including 0ms for the rollback to stable, and 9ms for the checkpoint."}}}
{"t":{"$date":"2025-11-04T09:44:39.638+00:00"},"s":"I",  "c":"STORAGE",  "id":4795901, "ctx":"SignalHandler","msg":"WiredTiger closed","attr":{"durationMillis":28}}
{"t":{"$date":"2025-11-04T09:44:39.638+00:00"},"s":"I",  "c":"STORAGE",  "id":22279,   "ctx":"SignalHandler","msg":"shutdown: removing fs lock..."}
{"t":{"$date":"2025-11-04T09:44:39.639+00:00"},"s":"I",  "c":"-",        "id":4784931, "ctx":"SignalHandler","msg":"Dropping the scope cache for shutdown"}
{"t":{"$date":"2025-11-04T09:44:39.640+00:00"},"s":"I",  "c":"FTDC",     "id":20626,   "ctx":"SignalHandler","msg":"Shutting down full-time diagnostic data capture"}
{"t":{"$date":"2025-11-04T09:44:39.645+00:00"},"s":"I",  "c":"CONTROL",  "id":20565,   "ctx":"SignalHandler","msg":"Now exiting"}
{"t":{"$date":"2025-11-04T09:44:39.645+00:00"},"s":"I",  "c":"CONTROL",  "id":8423404, "ctx":"SignalHandler","msg":"mongod shutdown complete","attr":{"Summary of time elapsed":{"Statistics":{"Enter terminal shutdown":"0 ms","Step down the replication coordinator for shutdown":"7 ms","Time spent in quiesce mode":"0 ms","Shut down FLE Crud subsystem":"0 ms","Shut down MirrorMaestro":"0 ms","Shut down WaitForMajorityService":"2 ms","Shut down the logical session cache":"1 ms","Shut down the global connection pool":"0 ms","Shut down the flow control ticket holder":"1 ms","Shut down the thread that aborts expired transactions":"1 ms","Kill all operations for shutdown":"1 ms","Shut down all tenant migration access blockers on global shutdown":"1 ms","Shut down all open transactions":"1 ms","Acquire the RSTL for shutdown":"0 ms","Shut down the IndexBuildsCoordinator and wait for index builds to finish":"0 ms","Shut down the replica set monitor":"0 ms","Shut down the migration util executor":"1 ms","Shut down the transport layer":"0 ms","Shut down the health log":"0 ms","Shut down the TTL monitor":"1 ms","Shut down expired pre-images and documents removers":"0 ms","Shut down the storage engine":"32 ms","Wait for the oplog cap maintainer thread to stop":"0 ms","Shut down full-time data capture":"1 ms","Shut down online certificate status protocol manager":"0 ms","shutdownTask total elapsed time":"55 ms"}}}}
{"t":{"$date":"2025-11-04T09:44:39.645+00:00"},"s":"I",  "c":"CONTROL",  "id":23138,   "ctx":"SignalHandler","msg":"Shutting down","attr":{"exitCode":0}}

{"t":{"$date":"2025-11-04T09:50:33.597+00:00"},"s":"I",  "c":"CONTROL",  "id":20698,   "ctx":"main","msg":"***** SERVER RESTARTED *****"}
{"t":{"$date":"2025-11-04T09:50:33.599+00:00"},"s":"I",  "c":"CONTROL",  "id":23285,   "ctx":"main","msg":"Automatically disabling TLS 1.0, to force-enable TLS 1.0 specify --sslDisabledProtocols 'none'"}
{"t":{"$date":"2025-11-04T09:50:33.602+00:00"},"s":"I",  "c":"CONTROL",  "id":5945603, "ctx":"main","msg":"Multi threading initialized"}
{"t":{"$date":"2025-11-04T09:50:33.604+00:00"},"s":"I",  "c":"NETWORK",  "id":4648601, "ctx":"main","msg":"Implicit TCP FastOpen unavailable. If TCP FastOpen is required, set at least one of the related parameters","attr":{"relatedParameters":["tcpFastOpenServer","tcpFastOpenClient","tcpFastOpenQueueSize"]}}
{"t":{"$date":"2025-11-04T09:50:33.680+00:00"},"s":"I",  "c":"NETWORK",  "id":4915701, "ctx":"main","msg":"Initialized wire specification","attr":{"spec":{"incomingExternalClient":{"minWireVersion":0,"maxWireVersion":25},"incomingInternalClient":{"minWireVersion":0,"maxWireVersion":25},"outgoing":{"minWireVersion":6,"maxWireVersion":25},"isInternalClient":true}}}
{"t":{"$date":"2025-11-04T09:50:33.681+00:00"},"s":"I",  "c":"TENANT_M", "id":7091600, "ctx":"main","msg":"Starting TenantMigrationAccessBlockerRegistry"}
{"t":{"$date":"2025-11-04T09:50:33.681+00:00"},"s":"I",  "c":"CONTROL",  "id":4615611, "ctx":"initandlisten","msg":"MongoDB starting","attr":{"pid":336,"port":27017,"dbPath":"/var/lib/mongodb","architecture":"64-bit","host":"a0b04e64c7ef"}}
{"t":{"$date":"2025-11-04T09:50:33.681+00:00"},"s":"I",  "c":"CONTROL",  "id":23403,   "ctx":"initandlisten","msg":"Build Info","attr":{"buildInfo":{"version":"8.0.15","gitVersion":"f79b970f08f60c41491003cd55a3dd459a279c39","openSSLVersion":"OpenSSL 3.0.17 1 Jul 2025","modules":[],"allocator":"tcmalloc-google","environment":{"distmod":"debian12","distarch":"x86_64","target_arch":"x86_64"}}}}
{"t":{"$date":"2025-11-04T09:50:33.681+00:00"},"s":"I",  "c":"CONTROL",  "id":51765,   "ctx":"initandlisten","msg":"Operating System","attr":{"os":{"name":"PRETTY_NAME=\"Debian GNU/Linux 12 (bookworm)\"","version":"Kernel 6.6.87.2-microsoft-standard-WSL2"}}}
{"t":{"$date":"2025-11-04T09:50:33.681+00:00"},"s":"I",  "c":"CONTROL",  "id":21951,   "ctx":"initandlisten","msg":"Options set by command line","attr":{"options":{"config":"/etc/mongod.conf","net":{"bindIp":"127.0.0.1","port":27017},"processManagement":{"timeZoneInfo":"/usr/share/zoneinfo"},"storage":{"dbPath":"/var/lib/mongodb"},"systemLog":{"destination":"file","logAppend":true,"path":"/var/log/mongodb/mongod.log"}}}}
{"t":{"$date":"2025-11-04T09:50:33.698+00:00"},"s":"I",  "c":"STORAGE",  "id":22270,   "ctx":"initandlisten","msg":"Storage engine to use detected by data files","attr":{"dbpath":"/var/lib/mongodb","storageEngine":"wiredTiger"}}
{"t":{"$date":"2025-11-04T09:50:33.700+00:00"},"s":"I",  "c":"STORAGE",  "id":22315,   "ctx":"initandlisten","msg":"Opening WiredTiger","attr":{"config":"create,cache_size=3417M,session_max=33000,eviction=(threads_min=4,threads_max=4),config_base=false,statistics=(fast),log=(enabled=true,remove=true,path=journal,compressor=snappy),builtin_extension_config=(zstd=(compression_level=6)),file_manager=(close_idle_time=600,close_scan_interval=10,close_handle_minimum=2000),statistics_log=(wait=0),json_output=(error,message),verbose=[recovery_progress:1,checkpoint_progress:1,compact_progress:1,backup:0,checkpoint:0,compact:0,evict:0,history_store:0,recovery:0,rts:0,salvage:0,tiered:0,timestamp:0,transaction:0,verify:0,log:0],prefetch=(available=true,default=false),"}}
{"t":{"$date":"2025-11-04T09:50:37.266+00:00"},"s":"I",  "c":"WTRECOV",  "id":22430,   "ctx":"initandlisten","msg":"WiredTiger message","attr":{"message":{"ts_sec":1762249837,"ts_usec":266259,"thread":"336:0x7bfeb52d6240","session_name":"txn-recover","category":"WT_VERB_RECOVERY_PROGRESS","log_id":1000000,"category_id":34,"verbose_level":"DEBUG_1","verbose_level_id":1,"msg":"Recovering log 1 through 2"}}}
{"t":{"$date":"2025-11-04T09:50:37.931+00:00"},"s":"I",  "c":"WTRECOV",  "id":22430,   "ctx":"initandlisten","msg":"WiredTiger message","attr":{"message":{"ts_sec":1762249837,"ts_usec":931274,"thread":"336:0x7bfeb52d6240","session_name":"txn-recover","category":"WT_VERB_RECOVERY_PROGRESS","log_id":1000000,"category_id":34,"verbose_level":"DEBUG_1","verbose_level_id":1,"msg":"Recovering log 2 through 2"}}}
{"t":{"$date":"2025-11-04T09:50:38.576+00:00"},"s":"I",  "c":"WTRECOV",  "id":22430,   "ctx":"initandlisten","msg":"WiredTiger message","attr":{"message":{"ts_sec":1762249838,"ts_usec":575943,"thread":"336:0x7bfeb52d6240","session_name":"txn-recover","category":"WT_VERB_RECOVERY_PROGRESS","log_id":1000000,"category_id":34,"verbose_level":"DEBUG_1","verbose_level_id":1,"msg":"Main recovery loop: starting at 1/26624 to 2/256"}}}
{"t":{"$date":"2025-11-04T09:50:39.956+00:00"},"s":"I",  "c":"WTRECOV",  "id":22430,   "ctx":"initandlisten","msg":"WiredTiger message","attr":{"message":{"ts_sec":1762249839,"ts_usec":956223,"thread":"336:0x7bfeb52d6240","session_name":"txn-recover","category":"WT_VERB_RECOVERY_PROGRESS","log_id":1000000,"category_id":34,"verbose_level":"DEBUG_1","verbose_level_id":1,"msg":"Recovering log 1 through 2"}}}
{"t":{"$date":"2025-11-04T09:50:40.581+00:00"},"s":"I",  "c":"WTRECOV",  "id":22430,   "ctx":"initandlisten","msg":"WiredTiger message","attr":{"message":{"ts_sec":1762249840,"ts_usec":581019,"thread":"336:0x7bfeb52d6240","session_name":"txn-recover","category":"WT_VERB_RECOVERY_PROGRESS","log_id":1000000,"category_id":34,"verbose_level":"DEBUG_1","verbose_level_id":1,"msg":"Recovering log 2 through 2"}}}
{"t":{"$date":"2025-11-04T09:50:41.175+00:00"},"s":"I",  "c":"WTRECOV",  "id":22430,   "ctx":"initandlisten","msg":"WiredTiger message","attr":{"message":{"ts_sec":1762249841,"ts_usec":175757,"thread":"336:0x7bfeb52d6240","session_name":"txn-recover","category":"WT_VERB_RECOVERY_PROGRESS","log_id":1000000,"category_id":34,"verbose_level":"DEBUG_1","verbose_level_id":1,"msg":"recovery log replay has successfully finished and ran for 3913 milliseconds"}}}
{"t":{"$date":"2025-11-04T09:50:41.176+00:00"},"s":"I",  "c":"WTRECOV",  "id":22430,   "ctx":"initandlisten","msg":"WiredTiger message","attr":{"message":{"ts_sec":1762249841,"ts_usec":176182,"thread":"336:0x7bfeb52d6240","session_name":"txn-recover","category":"WT_VERB_RECOVERY_PROGRESS","log_id":1000000,"category_id":34,"verbose_level":"DEBUG_1","verbose_level_id":1,"msg":"Set global recovery timestamp: (0, 0)"}}}
{"t":{"$date":"2025-11-04T09:50:41.176+00:00"},"s":"I",  "c":"WTRECOV",  "id":22430,   "ctx":"initandlisten","msg":"WiredTiger message","attr":{"message":{"ts_sec":1762249841,"ts_usec":176371,"thread":"336:0x7bfeb52d6240","session_name":"txn-recover","category":"WT_VERB_RECOVERY_PROGRESS","log_id":1000000,"category_id":34,"verbose_level":"DEBUG_1","verbose_level_id":1,"msg":"Set global oldest timestamp: (0, 0)"}}}
{"t":{"$date":"2025-11-04T09:50:41.178+00:00"},"s":"I",  "c":"WTRECOV",  "id":22430,   "ctx":"initandlisten","msg":"WiredTiger message","attr":{"message":{"ts_sec":1762249841,"ts_usec":178068,"thread":"336:0x7bfeb52d6240","session_name":"txn-recover","category":"WT_VERB_RECOVERY_PROGRESS","log_id":1000000,"category_id":34,"verbose_level":"DEBUG_1","verbose_level_id":1,"msg":"recovery rollback to stable has successfully finished and ran for 1 milliseconds"}}}
{"t":{"$date":"2025-11-04T09:50:41.179+00:00"},"s":"I",  "c":"WTCHKPT",  "id":22430,   "ctx":"initandlisten","msg":"WiredTiger message","attr":{"message":{"ts_sec":1762249841,"ts_usec":179886,"thread":"336:0x7bfeb52d6240","session_name":"WT_SESSION.checkpoint","category":"WT_VERB_CHECKPOINT_PROGRESS","log_id":1000000,"category_id":7,"verbose_level":"DEBUG_1","verbose_level_id":1,"msg":"saving checkpoint snapshot min: 1, snapshot max: 1 snapshot count: 0, oldest timestamp: (0, 0) , meta checkpoint timestamp: (0, 0) base write gen: 10"}}}
{"t":{"$date":"2025-11-04T09:50:41.193+00:00"},"s":"I",  "c":"WTRECOV",  "id":22430,   "ctx":"initandlisten","msg":"WiredTiger message","attr":{"message":{"ts_sec":1762249841,"ts_usec":193115,"thread":"336:0x7bfeb52d6240","session_name":"txn-recover","category":"WT_VERB_RECOVERY_PROGRESS","log_id":1000000,"category_id":34,"verbose_level":"DEBUG_1","verbose_level_id":1,"msg":"recovery checkpoint has successfully finished and ran for 14 milliseconds"}}}
{"t":{"$date":"2025-11-04T09:50:41.194+00:00"},"s":"I",  "c":"WTRECOV",  "id":22430,   "ctx":"initandlisten","msg":"WiredTiger message","attr":{"message":{"ts_sec":1762249841,"ts_usec":194103,"thread":"336:0x7bfeb52d6240","session_name":"txn-recover","category":"WT_VERB_RECOVERY","log_id":1493201,"category_id":33,"verbose_level":"INFO","verbose_level_id":0,"msg":"recovery was completed successfully and took 3931ms, including 3913ms for the log replay, 1ms for the rollback to stable, and 14ms for the checkpoint."}}}
{"t":{"$date":"2025-11-04T09:50:41.194+00:00"},"s":"I",  "c":"WTRECOV",  "id":22430,   "ctx":"initandlisten","msg":"WiredTiger message","attr":{"message":{"ts_sec":1762249841,"ts_usec":194285,"thread":"336:0x7bfeb52d6240","session_name":"txn-recover","category":"WT_VERB_RECOVERY_PROGRESS","log_id":1493201,"category_id":34,"verbose_level":"INFO","verbose_level_id":0,"msg":"recovery was completed successfully and took 3931ms, including 3913ms for the log replay, 1ms for the rollback to stable, and 14ms for the checkpoint."}}}
{"t":{"$date":"2025-11-04T09:50:41.199+00:00"},"s":"I",  "c":"STORAGE",  "id":4795906, "ctx":"initandlisten","msg":"WiredTiger opened","attr":{"durationMillis":7498}}
{"t":{"$date":"2025-11-04T09:50:41.199+00:00"},"s":"I",  "c":"RECOVERY", "id":23987,   "ctx":"initandlisten","msg":"WiredTiger recoveryTimestamp","attr":{"recoveryTimestamp":{"$timestamp":{"t":0,"i":0}}}}
{"t":{"$date":"2025-11-04T09:50:41.205+00:00"},"s":"I",  "c":"STORAGE",  "id":9529901, "ctx":"initandlisten","msg":"Initializing durable catalog","attr":{"numRecords":3}}
{"t":{"$date":"2025-11-04T09:50:41.208+00:00"},"s":"I",  "c":"STORAGE",  "id":9529902, "ctx":"initandlisten","msg":"Retrieving all idents from storage engine"}
{"t":{"$date":"2025-11-04T09:50:41.210+00:00"},"s":"I",  "c":"STORAGE",  "id":9529903, "ctx":"initandlisten","msg":"Initializing all collections in durable catalog","attr":{"numEntries":3}}
{"t":{"$date":"2025-11-04T09:50:41.217+00:00"},"s":"W",  "c":"CONTROL",  "id":22120,   "ctx":"initandlisten","msg":"Access control is not enabled for the database. Read and write access to data and configuration is unrestricted","tags":["startupWarnings"]}
{"t":{"$date":"2025-11-04T09:50:41.218+00:00"},"s":"W",  "c":"CONTROL",  "id":22138,   "ctx":"initandlisten","msg":"You are running this process as the root user, which is not recommended","tags":["startupWarnings"]}
{"t":{"$date":"2025-11-04T09:50:41.218+00:00"},"s":"W",  "c":"CONTROL",  "id":9068900, "ctx":"initandlisten","msg":"For customers running the current memory allocator, we suggest changing the contents of the following sysfsFile","attr":{"allocator":"tcmalloc-google","sysfsFile":"/sys/kernel/mm/transparent_hugepage/enabled","currentValue":"never","desiredValue":"always"},"tags":["startupWarnings"]}
{"t":{"$date":"2025-11-04T09:50:41.218+00:00"},"s":"W",  "c":"CONTROL",  "id":9068900, "ctx":"initandlisten","msg":"For customers running the current memory allocator, we suggest changing the contents of the following sysfsFile","attr":{"allocator":"tcmalloc-google","sysfsFile":"/sys/kernel/mm/transparent_hugepage/defrag","currentValue":"madvise","desiredValue":"defer+madvise"},"tags":["startupWarnings"]}
{"t":{"$date":"2025-11-04T09:50:41.219+00:00"},"s":"W",  "c":"CONTROL",  "id":8640302, "ctx":"initandlisten","msg":"We suggest setting the contents of sysfsFile to 0.","attr":{"sysfsFile":"/sys/kernel/mm/transparent_hugepage/khugepaged/max_ptes_none","currentValue":511},"tags":["startupWarnings"]}
{"t":{"$date":"2025-11-04T09:50:41.219+00:00"},"s":"W",  "c":"CONTROL",  "id":8718500, "ctx":"initandlisten","msg":"Your system has glibc support for rseq built in, which is not yet supported by tcmalloc-google and has critical performance implications. Please set the environment variable GLIBC_TUNABLES=glibc.pthread.rseq=0","tags":["startupWarnings"]}
{"t":{"$date":"2025-11-04T09:50:41.219+00:00"},"s":"W",  "c":"NETWORK",  "id":5123300, "ctx":"initandlisten","msg":"vm.max_map_count is too low","attr":{"currentValue":262144,"recommendedMinimum":1677720,"maxConns":838860},"tags":["startupWarnings"]}
{"t":{"$date":"2025-11-04T09:50:41.219+00:00"},"s":"W",  "c":"CONTROL",  "id":8386700, "ctx":"initandlisten","msg":"We suggest setting swappiness to 0 or 1, as swapping can cause performance problems.","attr":{"sysfsFile":"/proc/sys/vm/swappiness","currentValue":60},"tags":["startupWarnings"]}
{"t":{"$date":"2025-11-04T09:50:41.230+00:00"},"s":"I",  "c":"NETWORK",  "id":4915702, "ctx":"initandlisten","msg":"Updated wire specification","attr":{"oldSpec":{"incomingExternalClient":{"minWireVersion":0,"maxWireVersion":25},"incomingInternalClient":{"minWireVersion":0,"maxWireVersion":25},"outgoing":{"minWireVersion":6,"maxWireVersion":25},"isInternalClient":true},"newSpec":{"incomingExternalClient":{"minWireVersion":0,"maxWireVersion":25},"incomingInternalClient":{"minWireVersion":25,"maxWireVersion":25},"outgoing":{"minWireVersion":25,"maxWireVersion":25},"isInternalClient":true}}}
{"t":{"$date":"2025-11-04T09:50:41.230+00:00"},"s":"I",  "c":"REPL",     "id":5853300, "ctx":"initandlisten","msg":"current featureCompatibilityVersion value","attr":{"featureCompatibilityVersion":"8.0","context":"startup"}}
{"t":{"$date":"2025-11-04T09:50:41.232+00:00"},"s":"I",  "c":"STORAGE",  "id":5071100, "ctx":"initandlisten","msg":"Clearing temp directory"}
{"t":{"$date":"2025-11-04T09:50:41.234+00:00"},"s":"I",  "c":"CONTROL",  "id":6608200, "ctx":"initandlisten","msg":"Initializing cluster server parameters from disk"}
{"t":{"$date":"2025-11-04T09:50:41.235+00:00"},"s":"I",  "c":"CONTROL",  "id":20536,   "ctx":"initandlisten","msg":"Flow Control is enabled on this deployment"}
{"t":{"$date":"2025-11-04T09:50:41.236+00:00"},"s":"I",  "c":"FTDC",     "id":20625,   "ctx":"initandlisten","msg":"Initializing full-time diagnostic data capture","attr":{"dataDirectory":"/var/lib/mongodb/diagnostic.data"}}
{"t":{"$date":"2025-11-04T09:50:41.245+00:00"},"s":"I",  "c":"REPL",     "id":6015317, "ctx":"initandlisten","msg":"Setting new configuration state","attr":{"newState":"ConfigReplicationDisabled","oldState":"ConfigPreStart"}}
{"t":{"$date":"2025-11-04T09:50:41.245+00:00"},"s":"I",  "c":"STORAGE",  "id":22262,   "ctx":"initandlisten","msg":"Timestamp monitor starting"}
{"t":{"$date":"2025-11-04T09:50:41.246+00:00"},"s":"I",  "c":"STORAGE",  "id":7333401, "ctx":"initandlisten","msg":"Starting the DiskSpaceMonitor"}
{"t":{"$date":"2025-11-04T09:50:41.248+00:00"},"s":"I",  "c":"NETWORK",  "id":23015,   "ctx":"listener","msg":"Listening on","attr":{"address":"/tmp/mongodb-27017.sock"}}
{"t":{"$date":"2025-11-04T09:50:41.248+00:00"},"s":"I",  "c":"NETWORK",  "id":23015,   "ctx":"listener","msg":"Listening on","attr":{"address":"127.0.0.1:27017"}}
{"t":{"$date":"2025-11-04T09:50:41.248+00:00"},"s":"I",  "c":"NETWORK",  "id":23016,   "ctx":"listener","msg":"Waiting for connections","attr":{"port":27017,"ssl":"off"}}
{"t":{"$date":"2025-11-04T09:50:41.248+00:00"},"s":"I",  "c":"CONTROL",  "id":8423403, "ctx":"initandlisten","msg":"mongod startup complete","attr":{"Summary of time elapsed":{"Startup from clean shutdown?":true,"Statistics":{"Set up periodic runner":"0 ms","Set up online certificate status protocol manager":"0 ms","Transport layer setup":"9 ms","Run initial syncer crash recovery":"0 ms","Create storage engine lock file in the data directory":"0 ms","Get metadata describing storage engine":"0 ms","Validate options in metadata against current startup options":"0 ms","Create storage engine":"7513 ms","Write current PID to file":"0 ms","Initialize FCV before rebuilding indexes":"10 ms","Drop abandoned idents and get back indexes that need to be rebuilt or builds that need to be restarted":"1 ms","Rebuild indexes for collections":"0 ms","Load cluster parameters from disk for a standalone":"0 ms","Build user and roles graph":"0 ms","Set up the background thread pool responsible for waiting for opTimes to be majority committed":"1 ms","Start up the replication coordinator":"3 ms","Ensure the change stream collections on startup contain consistent data":"0 ms","Write startup options to the audit log":"0 ms","Start transport layer":"1 ms","_initAndListen total elapsed time":"7567 ms"}}}}
{"t":{"$date":"2025-11-04T09:50:42.021+00:00"},"s":"W",  "c":"CONTROL",  "id":636300,  "ctx":"ftdc","msg":"Use of deprecated server parameter name","attr":{"deprecatedName":"internalQueryCacheSize","canonicalName":"internalQueryCacheMaxEntriesPerCollection"}}
{"t":{"$date":"2025-11-04T09:50:42.021+00:00"},"s":"W",  "c":"CONTROL",  "id":636300,  "ctx":"ftdc","msg":"Use of deprecated server parameter name","attr":{"deprecatedName":"oplogSamplingLogIntervalSeconds","canonicalName":"collectionSamplingLogIntervalSeconds"}}
{"t":{"$date":"2025-11-04T09:50:42.021+00:00"},"s":"W",  "c":"NETWORK",  "id":23803,   "ctx":"ftdc","msg":"Use of deprecated server parameter 'sslMode', please use 'tlsMode' instead."}
{"t":{"$date":"2025-11-04T09:50:42.022+00:00"},"s":"W",  "c":"CONTROL",  "id":636300,  "ctx":"ftdc","msg":"Use of deprecated server parameter name","attr":{"deprecatedName":"wiredTigerConcurrentReadTransactions","canonicalName":"storageEngineConcurrentReadTransactions"}}
{"t":{"$date":"2025-11-04T09:50:42.022+00:00"},"s":"W",  "c":"CONTROL",  "id":636300,  "ctx":"ftdc","msg":"Use of deprecated server parameter name","attr":{"deprecatedName":"wiredTigerConcurrentWriteTransactions","canonicalName":"storageEngineConcurrentWriteTransactions"}}
{"t":{"$date":"2025-11-04T09:50:44.809+00:00"},"s":"I",  "c":"NETWORK",  "id":22943,   "ctx":"listener","msg":"Connection accepted","attr":{"remote":"127.0.0.1:34608","isLoadBalanced":false,"uuid":{"uuid":{"$uuid":"d6a223e0-b2c9-442e-96b9-994b69005725"}},"connectionId":1,"connectionCount":1}}
{"t":{"$date":"2025-11-04T09:50:44.810+00:00"},"s":"I",  "c":"NETWORK",  "id":51800,   "ctx":"conn1","msg":"client metadata","attr":{"remote":"127.0.0.1:34608","client":"conn1","negotiatedCompressors":[],"doc":{"driver":{"name":"mongoc / ext-mongodb:PHP ","version":"1.30.5 / 2.1.1 "},"os":{"type":"Linux","name":"Debian GNU/Linux","version":"12","architecture":"x86_64"},"platform":"PHP 8.3.24 cfg=0x07515ea8e9 posix=200809 stdc=201710 CC=GCC 12.2.0 CFLAGS=\"\" LDFLAGS=\"\""}}}
{"t":{"$date":"2025-11-04T09:50:44.810+00:00"},"s":"I",  "c":"ACCESS",   "id":10483900,"ctx":"conn1","msg":"Connection not authenticating","attr":{"client":"127.0.0.1:34608","doc":{"driver":{"name":"mongoc / ext-mongodb:PHP ","version":"1.30.5 / 2.1.1 "},"os":{"type":"Linux","name":"Debian GNU/Linux","version":"12","architecture":"x86_64"},"platform":"PHP 8.3.24 cfg=0x07515ea8e9 posix=200809 stdc=201710 CC=GCC 12.2.0 CFLAGS=\"\" LDFLAGS=\"\""}}}
{"t":{"$date":"2025-11-04T09:50:44.815+00:00"},"s":"I",  "c":"NETWORK",  "id":6788700, "ctx":"conn1","msg":"Received first command on ingress connection since session start or auth handshake","attr":{"elapsedMillis":5}}
{"t":{"$date":"2025-11-04T09:50:46.928+00:00"},"s":"I",  "c":"NETWORK",  "id":22943,   "ctx":"listener","msg":"Connection accepted","attr":{"remote":"127.0.0.1:34614","isLoadBalanced":false,"uuid":{"uuid":{"$uuid":"aad29054-a8ed-45cc-b039-7098e74bd257"}},"connectionId":2,"connectionCount":2}}
{"t":{"$date":"2025-11-04T09:50:46.929+00:00"},"s":"I",  "c":"NETWORK",  "id":51800,   "ctx":"conn2","msg":"client metadata","attr":{"remote":"127.0.0.1:34614","client":"conn2","negotiatedCompressors":[],"doc":{"driver":{"name":"mongoc / ext-mongodb:PHP ","version":"1.30.5 / 2.1.1 "},"os":{"type":"Linux","name":"Debian GNU/Linux","version":"12","architecture":"x86_64"},"platform":"PHP 8.3.24 cfg=0x07515ea8e9 posix=200809 stdc=201710 CC=GCC 12.2.0 CFLAGS=\"\" LDFLAGS=\"\""}}}
{"t":{"$date":"2025-11-04T09:50:46.929+00:00"},"s":"I",  "c":"ACCESS",   "id":10483900,"ctx":"conn2","msg":"Connection not authenticating","attr":{"client":"127.0.0.1:34614","doc":{"driver":{"name":"mongoc / ext-mongodb:PHP ","version":"1.30.5 / 2.1.1 "},"os":{"type":"Linux","name":"Debian GNU/Linux","version":"12","architecture":"x86_64"},"platform":"PHP 8.3.24 cfg=0x07515ea8e9 posix=200809 stdc=201710 CC=GCC 12.2.0 CFLAGS=\"\" LDFLAGS=\"\""}}}
{"t":{"$date":"2025-11-04T09:50:46.930+00:00"},"s":"I",  "c":"NETWORK",  "id":6788700, "ctx":"conn2","msg":"Received first command on ingress connection since session start or auth handshake","attr":{"elapsedMillis":1}}
{"t":{"$date":"2025-11-04T09:51:41.218+00:00"},"s":"I",  "c":"WTCHKPT",  "id":22430,   "ctx":"Checkpointer","msg":"WiredTiger message","attr":{"message":{"ts_sec":1762249901,"ts_usec":218035,"thread":"336:0x7bfea6a976c0","session_name":"WT_SESSION.checkpoint","category":"WT_VERB_CHECKPOINT_PROGRESS","log_id":1000000,"category_id":7,"verbose_level":"DEBUG_1","verbose_level_id":1,"msg":"saving checkpoint snapshot min: 4, snapshot max: 4 snapshot count: 0, oldest timestamp: (0, 0) , meta checkpoint timestamp: (0, 0) base write gen: 10"}}}
{"t":{"$date":"2025-11-04T09:51:45.736+00:00"},"s":"I",  "c":"CONTROL",  "id":23377,   "ctx":"SignalHandler","msg":"Received signal","attr":{"signal":2,"error":"Interrupt"}}
{"t":{"$date":"2025-11-04T09:51:45.736+00:00"},"s":"I",  "c":"CONTROL",  "id":23380,   "ctx":"SignalHandler","msg":"Signal was sent by the kernel"}
{"t":{"$date":"2025-11-04T09:51:45.737+00:00"},"s":"I",  "c":"CONTROL",  "id":23381,   "ctx":"SignalHandler","msg":"will terminate after current cmd ends"}
{"t":{"$date":"2025-11-04T09:51:45.737+00:00"},"s":"I",  "c":"REPL",     "id":4784900, "ctx":"SignalHandler","msg":"Stepping down the ReplicationCoordinator for shutdown","attr":{"waitTimeMillis":15000}}
{"t":{"$date":"2025-11-04T09:51:45.741+00:00"},"s":"I",  "c":"REPL",     "id":4794602, "ctx":"SignalHandler","msg":"Attempting to enter quiesce mode"}
{"t":{"$date":"2025-11-04T09:51:45.741+00:00"},"s":"I",  "c":"STORAGE",  "id":7333402, "ctx":"SignalHandler","msg":"Shutting down the DiskSpaceMonitor"}
{"t":{"$date":"2025-11-04T09:51:45.741+00:00"},"s":"I",  "c":"-",        "id":6371601, "ctx":"SignalHandler","msg":"Shutting down the FLE Crud thread pool"}
{"t":{"$date":"2025-11-04T09:51:45.741+00:00"},"s":"I",  "c":"COMMAND",  "id":4784901, "ctx":"SignalHandler","msg":"Shutting down the MirrorMaestro"}
{"t":{"$date":"2025-11-04T09:51:45.742+00:00"},"s":"I",  "c":"SHARDING", "id":4784902, "ctx":"SignalHandler","msg":"Shutting down the WaitForMajorityService"}
{"t":{"$date":"2025-11-04T09:51:45.742+00:00"},"s":"I",  "c":"CONTROL",  "id":4784903, "ctx":"SignalHandler","msg":"Shutting down the LogicalSessionCache"}
{"t":{"$date":"2025-11-04T09:51:45.743+00:00"},"s":"I",  "c":"NETWORK",  "id":8314100, "ctx":"SignalHandler","msg":"Shutdown: Closing listener sockets"}
{"t":{"$date":"2025-11-04T09:51:45.743+00:00"},"s":"I",  "c":"NETWORK",  "id":23017,   "ctx":"listener","msg":"removing socket file","attr":{"path":"/tmp/mongodb-27017.sock"}}
{"t":{"$date":"2025-11-04T09:51:45.743+00:00"},"s":"I",  "c":"NETWORK",  "id":4784905, "ctx":"SignalHandler","msg":"Shutting down the global connection pool"}
{"t":{"$date":"2025-11-04T09:51:45.743+00:00"},"s":"I",  "c":"CONTROL",  "id":4784906, "ctx":"SignalHandler","msg":"Shutting down the FlowControlTicketholder"}
{"t":{"$date":"2025-11-04T09:51:45.744+00:00"},"s":"I",  "c":"-",        "id":20520,   "ctx":"SignalHandler","msg":"Stopping further Flow Control ticket acquisitions."}
{"t":{"$date":"2025-11-04T09:51:45.744+00:00"},"s":"I",  "c":"CONTROL",  "id":4784908, "ctx":"SignalHandler","msg":"Shutting down the PeriodicThreadToAbortExpiredTransactions"}
{"t":{"$date":"2025-11-04T09:51:45.744+00:00"},"s":"I",  "c":"REPL",     "id":4784909, "ctx":"SignalHandler","msg":"Shutting down the ReplicationCoordinator"}
{"t":{"$date":"2025-11-04T09:51:45.744+00:00"},"s":"I",  "c":"SHARDING", "id":4784910, "ctx":"SignalHandler","msg":"Shutting down the ShardingInitializationMongoD"}
{"t":{"$date":"2025-11-04T09:51:45.744+00:00"},"s":"I",  "c":"REPL",     "id":4784911, "ctx":"SignalHandler","msg":"Enqueuing the ReplicationStateTransitionLock for shutdown"}
{"t":{"$date":"2025-11-04T09:51:45.744+00:00"},"s":"I",  "c":"-",        "id":4784912, "ctx":"SignalHandler","msg":"Killing all operations for shutdown"}
{"t":{"$date":"2025-11-04T09:51:45.745+00:00"},"s":"I",  "c":"-",        "id":4695300, "ctx":"SignalHandler","msg":"Interrupted all currently running operations","attr":{"opsKilled":3}}
{"t":{"$date":"2025-11-04T09:51:45.745+00:00"},"s":"I",  "c":"TENANT_M", "id":5093807, "ctx":"SignalHandler","msg":"Shutting down all TenantMigrationAccessBlockers on global shutdown"}
{"t":{"$date":"2025-11-04T09:51:45.745+00:00"},"s":"I",  "c":"ASIO",     "id":22582,   "ctx":"TenantMigrationBlockerNet","msg":"Killing all outstanding egress activity."}
{"t":{"$date":"2025-11-04T09:51:45.745+00:00"},"s":"I",  "c":"ASIO",     "id":6529201, "ctx":"SignalHandler","msg":"Network interface redundant shutdown","attr":{"state":"Stopped"}}
{"t":{"$date":"2025-11-04T09:51:45.745+00:00"},"s":"I",  "c":"ASIO",     "id":22582,   "ctx":"SignalHandler","msg":"Killing all outstanding egress activity."}
{"t":{"$date":"2025-11-04T09:51:45.745+00:00"},"s":"I",  "c":"COMMAND",  "id":4784913, "ctx":"SignalHandler","msg":"Shutting down all open transactions"}
{"t":{"$date":"2025-11-04T09:51:45.745+00:00"},"s":"I",  "c":"REPL",     "id":4784914, "ctx":"SignalHandler","msg":"Acquiring the ReplicationStateTransitionLock for shutdown"}
{"t":{"$date":"2025-11-04T09:51:45.746+00:00"},"s":"I",  "c":"INDEX",    "id":4784915, "ctx":"SignalHandler","msg":"Shutting down the IndexBuildsCoordinator"}
{"t":{"$date":"2025-11-04T09:51:45.746+00:00"},"s":"I",  "c":"NETWORK",  "id":4784918, "ctx":"SignalHandler","msg":"Shutting down the ReplicaSetMonitor"}
{"t":{"$date":"2025-11-04T09:51:45.746+00:00"},"s":"I",  "c":"SHARDING", "id":4784921, "ctx":"SignalHandler","msg":"Shutting down the MigrationUtilExecutor"}
{"t":{"$date":"2025-11-04T09:51:45.746+00:00"},"s":"I",  "c":"ASIO",     "id":22582,   "ctx":"MigrationUtil-TaskExecutor","msg":"Killing all outstanding egress activity."}
{"t":{"$date":"2025-11-04T09:51:45.746+00:00"},"s":"I",  "c":"NETWORK",  "id":20562,   "ctx":"SignalHandler","msg":"Shutdown: Closing open transport sessions"}
{"t":{"$date":"2025-11-04T09:51:45.746+00:00"},"s":"I",  "c":"NETWORK",  "id":4784923, "ctx":"SignalHandler","msg":"Shutting down the ASIO transport SessionManager"}
{"t":{"$date":"2025-11-04T09:51:45.746+00:00"},"s":"I",  "c":"CONTROL",  "id":4784927, "ctx":"SignalHandler","msg":"Shutting down the HealthLog"}
{"t":{"$date":"2025-11-04T09:51:45.747+00:00"},"s":"I",  "c":"CONTROL",  "id":4784928, "ctx":"SignalHandler","msg":"Shutting down the TTL monitor"}
{"t":{"$date":"2025-11-04T09:51:45.747+00:00"},"s":"I",  "c":"INDEX",    "id":3684100, "ctx":"SignalHandler","msg":"Shutting down TTL collection monitor thread"}
{"t":{"$date":"2025-11-04T09:51:45.747+00:00"},"s":"I",  "c":"INDEX",    "id":3684101, "ctx":"SignalHandler","msg":"Finished shutting down TTL collection monitor thread"}
{"t":{"$date":"2025-11-04T09:51:45.747+00:00"},"s":"I",  "c":"CONTROL",  "id":6278511, "ctx":"SignalHandler","msg":"Shutting down the Change Stream Expired Pre-images Remover"}
{"t":{"$date":"2025-11-04T09:51:45.748+00:00"},"s":"I",  "c":"CONTROL",  "id":4784929, "ctx":"SignalHandler","msg":"Acquiring the global lock for shutdown"}
{"t":{"$date":"2025-11-04T09:51:45.748+00:00"},"s":"I",  "c":"CONTROL",  "id":4784930, "ctx":"SignalHandler","msg":"Shutting down the storage engine"}
{"t":{"$date":"2025-11-04T09:51:45.748+00:00"},"s":"I",  "c":"STORAGE",  "id":22320,   "ctx":"SignalHandler","msg":"Shutting down journal flusher thread"}
{"t":{"$date":"2025-11-04T09:51:45.748+00:00"},"s":"I",  "c":"STORAGE",  "id":22321,   "ctx":"SignalHandler","msg":"Finished shutting down journal flusher thread"}
{"t":{"$date":"2025-11-04T09:51:45.748+00:00"},"s":"I",  "c":"STORAGE",  "id":22322,   "ctx":"SignalHandler","msg":"Shutting down checkpoint thread"}
{"t":{"$date":"2025-11-04T09:51:45.748+00:00"},"s":"I",  "c":"STORAGE",  "id":22323,   "ctx":"SignalHandler","msg":"Finished shutting down checkpoint thread"}
{"t":{"$date":"2025-11-04T09:51:45.749+00:00"},"s":"I",  "c":"STORAGE",  "id":22261,   "ctx":"SignalHandler","msg":"Timestamp monitor shutting down"}
{"t":{"$date":"2025-11-04T09:51:45.749+00:00"},"s":"I",  "c":"STORAGE",  "id":20282,   "ctx":"SignalHandler","msg":"Deregistering all the collections"}
{"t":{"$date":"2025-11-04T09:51:45.749+00:00"},"s":"I",  "c":"STORAGE",  "id":22317,   "ctx":"SignalHandler","msg":"WiredTigerKVEngine shutting down"}
{"t":{"$date":"2025-11-04T09:51:45.749+00:00"},"s":"I",  "c":"STORAGE",  "id":22318,   "ctx":"SignalHandler","msg":"Shutting down session sweeper thread"}
{"t":{"$date":"2025-11-04T09:51:45.749+00:00"},"s":"I",  "c":"STORAGE",  "id":22319,   "ctx":"SignalHandler","msg":"Finished shutting down session sweeper thread"}
{"t":{"$date":"2025-11-04T09:51:45.750+00:00"},"s":"I",  "c":"STORAGE",  "id":4795902, "ctx":"SignalHandler","msg":"Closing WiredTiger","attr":{"closeConfig":"leak_memory=true,use_timestamp=false,"}}
{"t":{"$date":"2025-11-04T09:51:45.751+00:00"},"s":"I",  "c":"WTCHKPT",  "id":22430,   "ctx":"SignalHandler","msg":"WiredTiger message","attr":{"message":{"ts_sec":1762249905,"ts_usec":751110,"thread":"336:0x7bfeb52b46c0","session_name":"close_ckpt","category":"WT_VERB_CHECKPOINT_PROGRESS","log_id":1000000,"category_id":7,"verbose_level":"DEBUG_1","verbose_level_id":1,"msg":"saving checkpoint snapshot min: 5, snapshot max: 5 snapshot count: 0, oldest timestamp: (0, 0) , meta checkpoint timestamp: (0, 0) base write gen: 10"}}}
{"t":{"$date":"2025-11-04T09:51:45.760+00:00"},"s":"I",  "c":"WTRECOV",  "id":22430,   "ctx":"SignalHandler","msg":"WiredTiger message","attr":{"message":{"ts_sec":1762249905,"ts_usec":760923,"thread":"336:0x7bfeb52b46c0","session_name":"WT_CONNECTION.close","category":"WT_VERB_RECOVERY_PROGRESS","log_id":1000000,"category_id":34,"verbose_level":"DEBUG_1","verbose_level_id":1,"msg":"shutdown checkpoint has successfully finished and ran for 9 milliseconds"}}}
{"t":{"$date":"2025-11-04T09:51:45.761+00:00"},"s":"I",  "c":"WTRECOV",  "id":22430,   "ctx":"SignalHandler","msg":"WiredTiger message","attr":{"message":{"ts_sec":1762249905,"ts_usec":761238,"thread":"336:0x7bfeb52b46c0","session_name":"WT_CONNECTION.close","category":"WT_VERB_RECOVERY_PROGRESS","log_id":1493200,"category_id":34,"verbose_level":"INFO","verbose_level_id":0,"msg":"shutdown was completed successfully and took 10ms, including 0ms for the rollback to stable, and 9ms for the checkpoint."}}}
{"t":{"$date":"2025-11-04T09:51:45.779+00:00"},"s":"I",  "c":"STORAGE",  "id":4795901, "ctx":"SignalHandler","msg":"WiredTiger closed","attr":{"durationMillis":29}}
{"t":{"$date":"2025-11-04T09:51:45.779+00:00"},"s":"I",  "c":"STORAGE",  "id":22279,   "ctx":"SignalHandler","msg":"shutdown: removing fs lock..."}
{"t":{"$date":"2025-11-04T09:51:45.780+00:00"},"s":"I",  "c":"-",        "id":4784931, "ctx":"SignalHandler","msg":"Dropping the scope cache for shutdown"}
{"t":{"$date":"2025-11-04T09:51:45.780+00:00"},"s":"I",  "c":"FTDC",     "id":20626,   "ctx":"SignalHandler","msg":"Shutting down full-time diagnostic data capture"}
{"t":{"$date":"2025-11-04T09:51:45.786+00:00"},"s":"I",  "c":"CONTROL",  "id":20565,   "ctx":"SignalHandler","msg":"Now exiting"}
{"t":{"$date":"2025-11-04T09:51:45.786+00:00"},"s":"I",  "c":"CONTROL",  "id":8423404, "ctx":"SignalHandler","msg":"mongod shutdown complete","attr":{"Summary of time elapsed":{"Statistics":{"Enter terminal shutdown":"0 ms","Step down the replication coordinator for shutdown":"4 ms","Time spent in quiesce mode":"0 ms","Shut down FLE Crud subsystem":"0 ms","Shut down MirrorMaestro":"0 ms","Shut down WaitForMajorityService":"1 ms","Shut down the logical session cache":"0 ms","Shut down the global connection pool":"0 ms","Shut down the flow control ticket holder":"1 ms","Shut down the thread that aborts expired transactions":"0 ms","Kill all operations for shutdown":"1 ms","Shut down all tenant migration access blockers on global shutdown":"0 ms","Shut down all open transactions":"0 ms","Acquire the RSTL for shutdown":"0 ms","Shut down the IndexBuildsCoordinator and wait for index builds to finish":"1 ms","Shut down the replica set monitor":"0 ms","Shut down the migration util executor":"0 ms","Shut down the transport layer":"0 ms","Shut down the health log":"0 ms","Shut down the TTL monitor":"1 ms","Shut down expired pre-images and documents removers":"0 ms","Shut down the storage engine":"32 ms","Wait for the oplog cap maintainer thread to stop":"0 ms","Shut down full-time data capture":"0 ms","Shut down online certificate status protocol manager":"0 ms","shutdownTask total elapsed time":"49 ms"}}}}
{"t":{"$date":"2025-11-04T09:51:45.787+00:00"},"s":"I",  "c":"CONTROL",  "id":23138,   "ctx":"SignalHandler","msg":"Shutting down","attr":{"exitCode":0}}
